<?xml version="1.0" encoding="UTF-8"?>
<!-- Generated by org.testng.reporters.JUnitReportReporter -->
<testsuite skipped="0" hostname="DESKTOP-UARE31A" name="seleniumprograms.AllButtons" tests="1" failures="0" timestamp="17 Dec 2019 06:40:01 GMT" time="19.503" errors="0">
  <testcase name="test1" time="19.503" classname="seleniumprograms.AllButtons"/>
</testsuite> <!-- seleniumprograms.AllButtons -->
