<?xml version="1.0" encoding="UTF-8"?>
<!-- Generated by org.testng.reporters.JUnitReportReporter -->
<testsuite skipped="0" hostname="DESKTOP-UARE31A" name="testNG.TestNG1_basics" tests="1" failures="0" timestamp="19 Dec 2019 14:22:58 GMT" time="0.004" errors="0">
  <testcase name="addition" time="0.004" classname="testNG.TestNG1_basics"/>
</testsuite> <!-- testNG.TestNG1_basics -->
