<?xml version="1.0" encoding="UTF-8"?>
<!-- Generated by org.testng.reporters.JUnitReportReporter -->
<testsuite skipped="0" hostname="DESKTOP-UARE31A" name="testNG.TestNG1_basics" tests="1" failures="0" timestamp="29 Nov 2019 06:43:09 GMT" time="0.003" errors="0">
  <testcase name="addition" time="0.003" classname="testNG.TestNG1_basics"/>
</testsuite> <!-- testNG.TestNG1_basics -->
